<html>
<head>
<title>TestNG:  Test-r1</title>
<link href="../testng.css" rel="stylesheet" type="text/css" />
<link href="../my-testng.css" rel="stylesheet" type="text/css" />

<style type="text/css">
.log { display: none;} 
.stack-trace { display: none;} 
</style>
<script type="text/javascript">
<!--
function flip(e) {
  current = e.style.display;
  if (current == 'block') {
    e.style.display = 'none';
    return 0;
  }
  else {
    e.style.display = 'block';
    return 1;
  }
}

function toggleBox(szDivId, elem, msg1, msg2)
{
  var res = -1;  if (document.getElementById) {
    res = flip(document.getElementById(szDivId));
  }
  else if (document.all) {
    // this is the way old msie versions work
    res = flip(document.all[szDivId]);
  }
  if(elem) {
    if(res == 0) elem.innerHTML = msg1; else elem.innerHTML = msg2;
  }

}

function toggleAllBoxes() {
  if (document.getElementsByTagName) {
    d = document.getElementsByTagName('div');
    for (i = 0; i < d.length; i++) {
      if (d[i].className == 'log') {
        flip(d[i]);
      }
    }
  }
}

// -->
</script>

</head>
<body>
<h2 align='center'>Test-r1</h2><table border='1' align="center">
<tr>
<td>Tests passed/Failed/Skipped:</td><td>0/1/2</td>
</tr><tr>
<td>Started on:</td><td>Sun Dec 16 22:30:12 IST 2018</td>
</tr>
<tr><td>Total time:</td><td>71 seconds (71829 ms)</td>
</tr><tr>
<td>Included groups:</td><td></td>
</tr><tr>
<td>Excluded groups:</td><td></td>
</tr>
</table><p/>
<small><i>(Hover the method name to see the test class name)</i></small><p/>
<table width='100%' border='1' class='invocation-failed'>
<tr><td colspan='4' align='center'><b>FAILED CONFIGURATIONS</b></td></tr>
<tr><td><b>Test method</b></td>
<td width="30%"><b>Exception</b></td>
<td width="10%"><b>Time (seconds)</b></td>
<td><b>Instance</b></td>
</tr>
<tr>
<td title='com.vtiger.oppurtunities.Edit_OppurtunitiesWith_MassEditButton_NextStep.configAM()'><b>configAM</b><br>Test class: com.vtiger.oppurtunities.Edit_OppurtunitiesWith_MassEditButton_NextStep<br/>
<a href="#Output-37554730" onClick='toggleBox("Output-37554730", this, "Show output", "Hide output");'>Show output</a>

<a href="#Output-37554730" onClick="toggleAllBoxes();">Show all outputs</a>
<div class='log' id="Output-37554730">
Logout<br/>
</div>
</td>
<td><div><pre>org.openqa.selenium.StaleElementReferenceException: Element not found in the cache - perhaps the page has changed since it was looked up
Command duration or timeout: 20.09 seconds
For documentation on this error, please visit: http://seleniumhq.org/exceptions/stale_element_reference.html
Build info: version: &apos;2.53.1&apos;, revision: &apos;a36b8b1&apos;, time: &apos;2016-06-30 17:32:46&apos;
System info: host: &apos;LAPTOP-KVKSTATV&apos;, ip: &apos;127.0.0.1&apos;, os.name: &apos;Windows 10&apos;, os.arch: &apos;amd64&apos;, os.version: &apos;10.0&apos;, java.version: &apos;11.0.1&apos;
Driver info: org.openqa.selenium.firefox.FirefoxDriver
Capabilities [{applicationCacheEnabled=true, rotatable=false, handlesAlerts=true, databaseEnabled=true, version=45.0, platform=WINDOWS, nativeEvents=false, acceptSslCerts=true, webStorageEnabled=true, locationContextEnabled=true, browserName=firefox, takesScreenshot=true, javascriptEnabled=true, cssSelectorsEnabled=true}]
Session ID: 1b97edb5-426f-4255-8320-7694b08ee105
	at org.openqa.selenium.remote.ErrorHandler.createThrowable(ErrorHandler.java:206)
	at org.openqa.selenium.remote.ErrorHandler.throwIfResponseFailed(ErrorHandler.java:158)
	at org.openqa.selenium.remote.RemoteWebDriver.execute(RemoteWebDriver.java:678)
	at org.openqa.selenium.remote.RemoteWebElement.execute(RemoteWebElement.java:327)
	at org.openqa.selenium.remote.RemoteWebElement.click(RemoteWebElement.java:85)
	at com.vtiger.genericlib.BaseClass.configAM(BaseClass.java:70)
	at java.base/java.util.concurrent.FutureTask.run(FutureTask.java:264)
	at java.base/java.util.concurrent.ThreadPoolExecutor.runWorker(ThreadPoolExecutor.java:1128)
	at java.base/java.util.concurrent.ThreadPoolExecutor$Worker.run(ThreadPoolExecutor.java:628)
	at java.base/java.lang.Thread.run(Thread.java:834)
Caused by: org.openqa.selenium.StaleElementReferenceException: Element not found in the cache - perhaps the page has changed since it was looked up
For documentation on this error, please visit: http://seleniumhq.org/exceptions/stale_element_reference.html
Build info: version: &apos;2.53.1&apos;, revision: &apos;a36b8b1&apos;, time: &apos;2016-06-30 17:32:46&apos;
System info: host: &apos;LAPTOP-KVKSTATV&apos;, ip: &apos;127.0.0.1&apos;, os.name: &apos;Windows 10&apos;, os.arch: &apos;amd64&apos;, os.version: &apos;10.0&apos;, java.version: &apos;11.0.1&apos;
Driver info: driver.version: unknown
	at &lt;anonymous class&gt;.fxdriver.cache.getElementAt(resource://fxdriver/modules/web-element-cache.js:9454)
	at &lt;anonymous class&gt;.Utils.getElementAt(file:///C:/Users/zeliya/AppData/Local/Temp/anonymous3273312997960162138webdriver-profile/extensions/fxdriver@googlecode.com/components/command-processor.js:9039)
	at &lt;anonymous class&gt;.fxdriver.preconditions.visible(file:///C:/Users/zeliya/AppData/Local/Temp/anonymous3273312997960162138webdriver-profile/extensions/fxdriver@googlecode.com/components/command-processor.js:10090)
	at &lt;anonymous class&gt;.DelayedCommand.prototype.checkPreconditions_(file:///C:/Users/zeliya/AppData/Local/Temp/anonymous3273312997960162138webdriver-profile/extensions/fxdriver@googlecode.com/components/command-processor.js:12644)
	at &lt;anonymous class&gt;.DelayedCommand.prototype.executeInternal_/h(file:///C:/Users/zeliya/AppData/Local/Temp/anonymous3273312997960162138webdriver-profile/extensions/fxdriver@googlecode.com/components/command-processor.js:12661)
	at &lt;anonymous class&gt;.fxdriver.Timer.prototype.setTimeout/&lt;.notify(file:///C:/Users/zeliya/AppData/Local/Temp/anonymous3273312997960162138webdriver-profile/extensions/fxdriver@googlecode.com/components/command-processor.js:625)
... Removed 22 stack frames</pre></div><a href='#' onClick='toggleBox("stack-trace37554730", this, "Click to show all stack frames", "Click to hide stack frames")'>Click to show all stack frames</a>
<div class='stack-trace' id='stack-trace37554730'><pre>org.openqa.selenium.StaleElementReferenceException: Element not found in the cache - perhaps the page has changed since it was looked up
Command duration or timeout: 20.09 seconds
For documentation on this error, please visit: http://seleniumhq.org/exceptions/stale_element_reference.html
Build info: version: &apos;2.53.1&apos;, revision: &apos;a36b8b1&apos;, time: &apos;2016-06-30 17:32:46&apos;
System info: host: &apos;LAPTOP-KVKSTATV&apos;, ip: &apos;127.0.0.1&apos;, os.name: &apos;Windows 10&apos;, os.arch: &apos;amd64&apos;, os.version: &apos;10.0&apos;, java.version: &apos;11.0.1&apos;
Driver info: org.openqa.selenium.firefox.FirefoxDriver
Capabilities [{applicationCacheEnabled=true, rotatable=false, handlesAlerts=true, databaseEnabled=true, version=45.0, platform=WINDOWS, nativeEvents=false, acceptSslCerts=true, webStorageEnabled=true, locationContextEnabled=true, browserName=firefox, takesScreenshot=true, javascriptEnabled=true, cssSelectorsEnabled=true}]
Session ID: 1b97edb5-426f-4255-8320-7694b08ee105
	at java.base/jdk.internal.reflect.NativeConstructorAccessorImpl.newInstance0(Native Method)
	at java.base/jdk.internal.reflect.NativeConstructorAccessorImpl.newInstance(NativeConstructorAccessorImpl.java:62)
	at java.base/jdk.internal.reflect.DelegatingConstructorAccessorImpl.newInstance(DelegatingConstructorAccessorImpl.java:45)
	at java.base/java.lang.reflect.Constructor.newInstance(Constructor.java:490)
	at org.openqa.selenium.remote.ErrorHandler.createThrowable(ErrorHandler.java:206)
	at org.openqa.selenium.remote.ErrorHandler.throwIfResponseFailed(ErrorHandler.java:158)
	at org.openqa.selenium.remote.RemoteWebDriver.execute(RemoteWebDriver.java:678)
	at org.openqa.selenium.remote.RemoteWebElement.execute(RemoteWebElement.java:327)
	at org.openqa.selenium.remote.RemoteWebElement.click(RemoteWebElement.java:85)
	at com.vtiger.genericlib.BaseClass.configAM(BaseClass.java:70)
	at java.base/jdk.internal.reflect.NativeMethodAccessorImpl.invoke0(Native Method)
	at java.base/jdk.internal.reflect.NativeMethodAccessorImpl.invoke(NativeMethodAccessorImpl.java:62)
	at java.base/jdk.internal.reflect.DelegatingMethodAccessorImpl.invoke(DelegatingMethodAccessorImpl.java:43)
	at java.base/java.lang.reflect.Method.invoke(Method.java:566)
	at org.testng.internal.MethodInvocationHelper.invokeMethod(MethodInvocationHelper.java:85)
	at org.testng.internal.Invoker.invokeConfigurationMethod(Invoker.java:510)
	at org.testng.internal.Invoker.invokeConfigurations(Invoker.java:211)
	at org.testng.internal.Invoker.invokeMethod(Invoker.java:703)
	at org.testng.internal.Invoker.invokeTestMethod(Invoker.java:816)
	at org.testng.internal.Invoker.invokeTestMethods(Invoker.java:1124)
	at org.testng.internal.TestMethodWorker.invokeTestMethods(TestMethodWorker.java:125)
	at org.testng.internal.TestMethodWorker.run(TestMethodWorker.java:108)
	at org.testng.TestRunner.privateRun(TestRunner.java:774)
	at org.testng.TestRunner.run(TestRunner.java:624)
	at org.testng.SuiteRunner.runTest(SuiteRunner.java:359)
	at org.testng.SuiteRunner.access$000(SuiteRunner.java:39)
	at org.testng.SuiteRunner$SuiteWorker.run(SuiteRunner.java:393)
	at org.testng.internal.thread.ThreadUtil$2.call(ThreadUtil.java:64)
	at java.base/java.util.concurrent.FutureTask.run(FutureTask.java:264)
	at java.base/java.util.concurrent.ThreadPoolExecutor.runWorker(ThreadPoolExecutor.java:1128)
	at java.base/java.util.concurrent.ThreadPoolExecutor$Worker.run(ThreadPoolExecutor.java:628)
	at java.base/java.lang.Thread.run(Thread.java:834)
Caused by: org.openqa.selenium.StaleElementReferenceException: Element not found in the cache - perhaps the page has changed since it was looked up
For documentation on this error, please visit: http://seleniumhq.org/exceptions/stale_element_reference.html
Build info: version: &apos;2.53.1&apos;, revision: &apos;a36b8b1&apos;, time: &apos;2016-06-30 17:32:46&apos;
System info: host: &apos;LAPTOP-KVKSTATV&apos;, ip: &apos;127.0.0.1&apos;, os.name: &apos;Windows 10&apos;, os.arch: &apos;amd64&apos;, os.version: &apos;10.0&apos;, java.version: &apos;11.0.1&apos;
Driver info: driver.version: unknown
	at &lt;anonymous class&gt;.fxdriver.cache.getElementAt(resource://fxdriver/modules/web-element-cache.js:9454)
	at &lt;anonymous class&gt;.Utils.getElementAt(file:///C:/Users/zeliya/AppData/Local/Temp/anonymous3273312997960162138webdriver-profile/extensions/fxdriver@googlecode.com/components/command-processor.js:9039)
	at &lt;anonymous class&gt;.fxdriver.preconditions.visible(file:///C:/Users/zeliya/AppData/Local/Temp/anonymous3273312997960162138webdriver-profile/extensions/fxdriver@googlecode.com/components/command-processor.js:10090)
	at &lt;anonymous class&gt;.DelayedCommand.prototype.checkPreconditions_(file:///C:/Users/zeliya/AppData/Local/Temp/anonymous3273312997960162138webdriver-profile/extensions/fxdriver@googlecode.com/components/command-processor.js:12644)
	at &lt;anonymous class&gt;.DelayedCommand.prototype.executeInternal_/h(file:///C:/Users/zeliya/AppData/Local/Temp/anonymous3273312997960162138webdriver-profile/extensions/fxdriver@googlecode.com/components/command-processor.js:12661)
	at &lt;anonymous class&gt;.fxdriver.Timer.prototype.setTimeout/&lt;.notify(file:///C:/Users/zeliya/AppData/Local/Temp/anonymous3273312997960162138webdriver-profile/extensions/fxdriver@googlecode.com/components/command-processor.js:625)
</pre></div></td>
<td>0</td>
<td>com.vtiger.oppurtunities.Edit_OppurtunitiesWith_MassEditButton_NextStep@4961f6af</td></tr>
</table><p>
<table width='100%' border='1' class='invocation-skipped'>
<tr><td colspan='4' align='center'><b>SKIPPED CONFIGURATIONS</b></td></tr>
<tr><td><b>Test method</b></td>
<td width="30%"><b>Exception</b></td>
<td width="10%"><b>Time (seconds)</b></td>
<td><b>Instance</b></td>
</tr>
<tr>
<td title='com.vtiger.oppurtunities.EndtoEndTest.configBC()'><b>configBC</b><br>Test class: com.vtiger.oppurtunities.EndtoEndTest</td>
<td></td>
<td>0</td>
<td>com.vtiger.oppurtunities.EndtoEndTest@5aebe890</td></tr>
<tr>
<td title='com.vtiger.oppurtunities.Edit_OppurtunitiesWith_MassEditButton_LeadSource_Website.configBC()'><b>configBC</b><br>Test class: com.vtiger.oppurtunities.Edit_OppurtunitiesWith_MassEditButton_LeadSource_Website</td>
<td></td>
<td>0</td>
<td>com.vtiger.oppurtunities.Edit_OppurtunitiesWith_MassEditButton_LeadSource_Website@65d09a04</td></tr>
<tr>
<td title='com.vtiger.oppurtunities.EndtoEndTest.configBM()'><b>configBM</b><br>Test class: com.vtiger.oppurtunities.EndtoEndTest</td>
<td></td>
<td>0</td>
<td>com.vtiger.oppurtunities.EndtoEndTest@5aebe890</td></tr>
<tr>
<td title='com.vtiger.oppurtunities.Edit_OppurtunitiesWith_MassEditButton_LeadSource_Website.configBM()'><b>configBM</b><br>Test class: com.vtiger.oppurtunities.Edit_OppurtunitiesWith_MassEditButton_LeadSource_Website</td>
<td></td>
<td>0</td>
<td>com.vtiger.oppurtunities.Edit_OppurtunitiesWith_MassEditButton_LeadSource_Website@65d09a04</td></tr>
<tr>
<td title='com.vtiger.oppurtunities.EndtoEndTest.configAM()'><b>configAM</b><br>Test class: com.vtiger.oppurtunities.EndtoEndTest</td>
<td></td>
<td>0</td>
<td>com.vtiger.oppurtunities.EndtoEndTest@5aebe890</td></tr>
<tr>
<td title='com.vtiger.oppurtunities.Edit_OppurtunitiesWith_MassEditButton_LeadSource_Website.configAM()'><b>configAM</b><br>Test class: com.vtiger.oppurtunities.Edit_OppurtunitiesWith_MassEditButton_LeadSource_Website</td>
<td></td>
<td>0</td>
<td>com.vtiger.oppurtunities.Edit_OppurtunitiesWith_MassEditButton_LeadSource_Website@65d09a04</td></tr>
<tr>
<td title='com.vtiger.oppurtunities.Edit_OppurtunitiesWith_MassEditButton_NextStep.configAC()'><b>configAC</b><br>Test class: com.vtiger.oppurtunities.Edit_OppurtunitiesWith_MassEditButton_NextStep</td>
<td></td>
<td>0</td>
<td>com.vtiger.oppurtunities.Edit_OppurtunitiesWith_MassEditButton_NextStep@4961f6af</td></tr>
<tr>
<td title='com.vtiger.oppurtunities.EndtoEndTest.configAC()'><b>configAC</b><br>Test class: com.vtiger.oppurtunities.EndtoEndTest</td>
<td></td>
<td>0</td>
<td>com.vtiger.oppurtunities.EndtoEndTest@5aebe890</td></tr>
<tr>
<td title='com.vtiger.oppurtunities.Edit_OppurtunitiesWith_MassEditButton_LeadSource_Website.configAC()'><b>configAC</b><br>Test class: com.vtiger.oppurtunities.Edit_OppurtunitiesWith_MassEditButton_LeadSource_Website</td>
<td></td>
<td>0</td>
<td>com.vtiger.oppurtunities.Edit_OppurtunitiesWith_MassEditButton_LeadSource_Website@65d09a04</td></tr>
</table><p>
<table width='100%' border='1' class='invocation-failed'>
<tr><td colspan='4' align='center'><b>FAILED TESTS</b></td></tr>
<tr><td><b>Test method</b></td>
<td width="30%"><b>Exception</b></td>
<td width="10%"><b>Time (seconds)</b></td>
<td><b>Instance</b></td>
</tr>
<tr>
<td title='com.vtiger.oppurtunities.Edit_OppurtunitiesWith_MassEditButton_NextStep.Edit_OppurtunitiesWith_MassEditButton_NextStepTest()'><b>Edit_OppurtunitiesWith_MassEditButton_NextStepTest</b><br>Test class: com.vtiger.oppurtunities.Edit_OppurtunitiesWith_MassEditButton_NextStep</td>
<td><div><pre>org.openqa.selenium.StaleElementReferenceException: Element not found in the cache - perhaps the page has changed since it was looked up
Command duration or timeout: 22.17 seconds
For documentation on this error, please visit: http://seleniumhq.org/exceptions/stale_element_reference.html
Build info: version: &apos;2.53.1&apos;, revision: &apos;a36b8b1&apos;, time: &apos;2016-06-30 17:32:46&apos;
System info: host: &apos;LAPTOP-KVKSTATV&apos;, ip: &apos;127.0.0.1&apos;, os.name: &apos;Windows 10&apos;, os.arch: &apos;amd64&apos;, os.version: &apos;10.0&apos;, java.version: &apos;11.0.1&apos;
Driver info: org.openqa.selenium.firefox.FirefoxDriver
Capabilities [{applicationCacheEnabled=true, rotatable=false, handlesAlerts=true, databaseEnabled=true, version=45.0, platform=WINDOWS, nativeEvents=false, acceptSslCerts=true, webStorageEnabled=true, locationContextEnabled=true, browserName=firefox, takesScreenshot=true, javascriptEnabled=true, cssSelectorsEnabled=true}]
Session ID: 1b97edb5-426f-4255-8320-7694b08ee105
	at org.openqa.selenium.remote.ErrorHandler.createThrowable(ErrorHandler.java:206)
	at org.openqa.selenium.remote.ErrorHandler.throwIfResponseFailed(ErrorHandler.java:158)
	at org.openqa.selenium.remote.RemoteWebDriver.execute(RemoteWebDriver.java:678)
	at org.openqa.selenium.remote.RemoteWebElement.execute(RemoteWebElement.java:327)
	at org.openqa.selenium.remote.RemoteWebElement.sendKeys(RemoteWebElement.java:122)
	at com.vtiger.oppurtunities.Edit_OppurtunitiesWith_MassEditButton_NextStep.Edit_OppurtunitiesWith_MassEditButton_NextStepTest(Edit_OppurtunitiesWith_MassEditButton_NextStep.java:104)
	at java.base/java.util.concurrent.FutureTask.run(FutureTask.java:264)
	at java.base/java.util.concurrent.ThreadPoolExecutor.runWorker(ThreadPoolExecutor.java:1128)
	at java.base/java.util.concurrent.ThreadPoolExecutor$Worker.run(ThreadPoolExecutor.java:628)
	at java.base/java.lang.Thread.run(Thread.java:834)
Caused by: org.openqa.selenium.StaleElementReferenceException: Element not found in the cache - perhaps the page has changed since it was looked up
For documentation on this error, please visit: http://seleniumhq.org/exceptions/stale_element_reference.html
Build info: version: &apos;2.53.1&apos;, revision: &apos;a36b8b1&apos;, time: &apos;2016-06-30 17:32:46&apos;
System info: host: &apos;LAPTOP-KVKSTATV&apos;, ip: &apos;127.0.0.1&apos;, os.name: &apos;Windows 10&apos;, os.arch: &apos;amd64&apos;, os.version: &apos;10.0&apos;, java.version: &apos;11.0.1&apos;
Driver info: driver.version: unknown
	at &lt;anonymous class&gt;.fxdriver.cache.getElementAt(resource://fxdriver/modules/web-element-cache.js:9454)
	at &lt;anonymous class&gt;.Utils.getElementAt(file:///C:/Users/zeliya/AppData/Local/Temp/anonymous3273312997960162138webdriver-profile/extensions/fxdriver@googlecode.com/components/command-processor.js:9039)
	at &lt;anonymous class&gt;.fxdriver.preconditions.visible(file:///C:/Users/zeliya/AppData/Local/Temp/anonymous3273312997960162138webdriver-profile/extensions/fxdriver@googlecode.com/components/command-processor.js:10090)
	at &lt;anonymous class&gt;.DelayedCommand.prototype.checkPreconditions_(file:///C:/Users/zeliya/AppData/Local/Temp/anonymous3273312997960162138webdriver-profile/extensions/fxdriver@googlecode.com/components/command-processor.js:12644)
	at &lt;anonymous class&gt;.DelayedCommand.prototype.executeInternal_/h(file:///C:/Users/zeliya/AppData/Local/Temp/anonymous3273312997960162138webdriver-profile/extensions/fxdriver@googlecode.com/components/command-processor.js:12661)
	at &lt;anonymous class&gt;.fxdriver.Timer.prototype.setTimeout/&lt;.notify(file:///C:/Users/zeliya/AppData/Local/Temp/anonymous3273312997960162138webdriver-profile/extensions/fxdriver@googlecode.com/components/command-processor.js:625)
... Removed 20 stack frames</pre></div><a href='#' onClick='toggleBox("stack-trace731976451", this, "Click to show all stack frames", "Click to hide stack frames")'>Click to show all stack frames</a>
<div class='stack-trace' id='stack-trace731976451'><pre>org.openqa.selenium.StaleElementReferenceException: Element not found in the cache - perhaps the page has changed since it was looked up
Command duration or timeout: 22.17 seconds
For documentation on this error, please visit: http://seleniumhq.org/exceptions/stale_element_reference.html
Build info: version: &apos;2.53.1&apos;, revision: &apos;a36b8b1&apos;, time: &apos;2016-06-30 17:32:46&apos;
System info: host: &apos;LAPTOP-KVKSTATV&apos;, ip: &apos;127.0.0.1&apos;, os.name: &apos;Windows 10&apos;, os.arch: &apos;amd64&apos;, os.version: &apos;10.0&apos;, java.version: &apos;11.0.1&apos;
Driver info: org.openqa.selenium.firefox.FirefoxDriver
Capabilities [{applicationCacheEnabled=true, rotatable=false, handlesAlerts=true, databaseEnabled=true, version=45.0, platform=WINDOWS, nativeEvents=false, acceptSslCerts=true, webStorageEnabled=true, locationContextEnabled=true, browserName=firefox, takesScreenshot=true, javascriptEnabled=true, cssSelectorsEnabled=true}]
Session ID: 1b97edb5-426f-4255-8320-7694b08ee105
	at java.base/jdk.internal.reflect.NativeConstructorAccessorImpl.newInstance0(Native Method)
	at java.base/jdk.internal.reflect.NativeConstructorAccessorImpl.newInstance(NativeConstructorAccessorImpl.java:62)
	at java.base/jdk.internal.reflect.DelegatingConstructorAccessorImpl.newInstance(DelegatingConstructorAccessorImpl.java:45)
	at java.base/java.lang.reflect.Constructor.newInstance(Constructor.java:490)
	at org.openqa.selenium.remote.ErrorHandler.createThrowable(ErrorHandler.java:206)
	at org.openqa.selenium.remote.ErrorHandler.throwIfResponseFailed(ErrorHandler.java:158)
	at org.openqa.selenium.remote.RemoteWebDriver.execute(RemoteWebDriver.java:678)
	at org.openqa.selenium.remote.RemoteWebElement.execute(RemoteWebElement.java:327)
	at org.openqa.selenium.remote.RemoteWebElement.sendKeys(RemoteWebElement.java:122)
	at com.vtiger.oppurtunities.Edit_OppurtunitiesWith_MassEditButton_NextStep.Edit_OppurtunitiesWith_MassEditButton_NextStepTest(Edit_OppurtunitiesWith_MassEditButton_NextStep.java:104)
	at java.base/jdk.internal.reflect.NativeMethodAccessorImpl.invoke0(Native Method)
	at java.base/jdk.internal.reflect.NativeMethodAccessorImpl.invoke(NativeMethodAccessorImpl.java:62)
	at java.base/jdk.internal.reflect.DelegatingMethodAccessorImpl.invoke(DelegatingMethodAccessorImpl.java:43)
	at java.base/java.lang.reflect.Method.invoke(Method.java:566)
	at org.testng.internal.MethodInvocationHelper.invokeMethod(MethodInvocationHelper.java:85)
	at org.testng.internal.Invoker.invokeMethod(Invoker.java:639)
	at org.testng.internal.Invoker.invokeTestMethod(Invoker.java:816)
	at org.testng.internal.Invoker.invokeTestMethods(Invoker.java:1124)
	at org.testng.internal.TestMethodWorker.invokeTestMethods(TestMethodWorker.java:125)
	at org.testng.internal.TestMethodWorker.run(TestMethodWorker.java:108)
	at org.testng.TestRunner.privateRun(TestRunner.java:774)
	at org.testng.TestRunner.run(TestRunner.java:624)
	at org.testng.SuiteRunner.runTest(SuiteRunner.java:359)
	at org.testng.SuiteRunner.access$000(SuiteRunner.java:39)
	at org.testng.SuiteRunner$SuiteWorker.run(SuiteRunner.java:393)
	at org.testng.internal.thread.ThreadUtil$2.call(ThreadUtil.java:64)
	at java.base/java.util.concurrent.FutureTask.run(FutureTask.java:264)
	at java.base/java.util.concurrent.ThreadPoolExecutor.runWorker(ThreadPoolExecutor.java:1128)
	at java.base/java.util.concurrent.ThreadPoolExecutor$Worker.run(ThreadPoolExecutor.java:628)
	at java.base/java.lang.Thread.run(Thread.java:834)
Caused by: org.openqa.selenium.StaleElementReferenceException: Element not found in the cache - perhaps the page has changed since it was looked up
For documentation on this error, please visit: http://seleniumhq.org/exceptions/stale_element_reference.html
Build info: version: &apos;2.53.1&apos;, revision: &apos;a36b8b1&apos;, time: &apos;2016-06-30 17:32:46&apos;
System info: host: &apos;LAPTOP-KVKSTATV&apos;, ip: &apos;127.0.0.1&apos;, os.name: &apos;Windows 10&apos;, os.arch: &apos;amd64&apos;, os.version: &apos;10.0&apos;, java.version: &apos;11.0.1&apos;
Driver info: driver.version: unknown
	at &lt;anonymous class&gt;.fxdriver.cache.getElementAt(resource://fxdriver/modules/web-element-cache.js:9454)
	at &lt;anonymous class&gt;.Utils.getElementAt(file:///C:/Users/zeliya/AppData/Local/Temp/anonymous3273312997960162138webdriver-profile/extensions/fxdriver@googlecode.com/components/command-processor.js:9039)
	at &lt;anonymous class&gt;.fxdriver.preconditions.visible(file:///C:/Users/zeliya/AppData/Local/Temp/anonymous3273312997960162138webdriver-profile/extensions/fxdriver@googlecode.com/components/command-processor.js:10090)
	at &lt;anonymous class&gt;.DelayedCommand.prototype.checkPreconditions_(file:///C:/Users/zeliya/AppData/Local/Temp/anonymous3273312997960162138webdriver-profile/extensions/fxdriver@googlecode.com/components/command-processor.js:12644)
	at &lt;anonymous class&gt;.DelayedCommand.prototype.executeInternal_/h(file:///C:/Users/zeliya/AppData/Local/Temp/anonymous3273312997960162138webdriver-profile/extensions/fxdriver@googlecode.com/components/command-processor.js:12661)
	at &lt;anonymous class&gt;.fxdriver.Timer.prototype.setTimeout/&lt;.notify(file:///C:/Users/zeliya/AppData/Local/Temp/anonymous3273312997960162138webdriver-profile/extensions/fxdriver@googlecode.com/components/command-processor.js:625)
</pre></div></td>
<td>40</td>
<td>com.vtiger.oppurtunities.Edit_OppurtunitiesWith_MassEditButton_NextStep@4961f6af</td></tr>
</table><p>
<table width='100%' border='1' class='invocation-skipped'>
<tr><td colspan='4' align='center'><b>SKIPPED TESTS</b></td></tr>
<tr><td><b>Test method</b></td>
<td width="30%"><b>Exception</b></td>
<td width="10%"><b>Time (seconds)</b></td>
<td><b>Instance</b></td>
</tr>
<tr>
<td title='com.vtiger.oppurtunities.Edit_OppurtunitiesWith_MassEditButton_LeadSource_Website.Edit_OppurtunitiesWith_MassEditButton_LeadSource_WebsiteTest()'><b>Edit_OppurtunitiesWith_MassEditButton_LeadSource_WebsiteTest</b><br>Test class: com.vtiger.oppurtunities.Edit_OppurtunitiesWith_MassEditButton_LeadSource_Website</td>
<td></td>
<td>0</td>
<td>com.vtiger.oppurtunities.Edit_OppurtunitiesWith_MassEditButton_LeadSource_Website@65d09a04</td></tr>
<tr>
<td title='com.vtiger.oppurtunities.EndtoEndTest.EndtoEnd1Test()'><b>EndtoEnd1Test</b><br>Test class: com.vtiger.oppurtunities.EndtoEndTest</td>
<td></td>
<td>0</td>
<td>com.vtiger.oppurtunities.EndtoEndTest@5aebe890</td></tr>
</table><p>
</body>
</html>